Created by PLY version 3.11 (http://www.dabeaz.com/ply)

Unused terminals:

    COMENTARIO

Grammar

Rule 0     S' -> TOML
Rule 1     TOML -> titulos seccoes
Rule 2     titulos -> atribuicao titulos
Rule 3     titulos -> <empty>
Rule 4     seccoes -> grupo seccoes
Rule 5     seccoes -> <empty>
Rule 6     grupo -> lheaders body
Rule 7     lheaders -> header lheaders
Rule 8     lheaders -> header
Rule 9     header -> ENTRY
Rule 10    body -> atribuicao body
Rule 11    body -> atribuicao
Rule 12    atribuicao -> VAR_NAME IGUAL termo
Rule 13    termo -> PALAVRA
Rule 14    termo -> NUMERO
Rule 15    termo -> BOOLEAN
Rule 16    termo -> DATE
Rule 17    termo -> TIME
Rule 18    termo -> lista
Rule 19    lista -> APR conteudo FPR
Rule 20    conteudo -> <empty>
Rule 21    conteudo -> termo auxconteudo
Rule 22    auxconteudo -> VIRGULA conteudo
Rule 23    auxconteudo -> <empty>

Terminals, with rules where they appear

APR                  : 19
BOOLEAN              : 15
COMENTARIO           : 
DATE                 : 16
ENTRY                : 9
FPR                  : 19
IGUAL                : 12
NUMERO               : 14
PALAVRA              : 13
TIME                 : 17
VAR_NAME             : 12
VIRGULA              : 22
error                : 

Nonterminals, with rules where they appear

TOML                 : 0
atribuicao           : 2 10 11
auxconteudo          : 21
body                 : 6 10
conteudo             : 19 22
grupo                : 4
header               : 7 8
lheaders             : 6 7
lista                : 18
seccoes              : 1 4
termo                : 12 21
titulos              : 1 2

Parsing method: LALR

state 0

    (0) S' -> . TOML
    (1) TOML -> . titulos seccoes
    (2) titulos -> . atribuicao titulos
    (3) titulos -> .
    (12) atribuicao -> . VAR_NAME IGUAL termo

    ENTRY           reduce using rule 3 (titulos -> .)
    $end            reduce using rule 3 (titulos -> .)
    VAR_NAME        shift and go to state 4

    TOML                           shift and go to state 1
    titulos                        shift and go to state 2
    atribuicao                     shift and go to state 3

state 1

    (0) S' -> TOML .



state 2

    (1) TOML -> titulos . seccoes
    (4) seccoes -> . grupo seccoes
    (5) seccoes -> .
    (6) grupo -> . lheaders body
    (7) lheaders -> . header lheaders
    (8) lheaders -> . header
    (9) header -> . ENTRY

    $end            reduce using rule 5 (seccoes -> .)
    ENTRY           shift and go to state 9

    seccoes                        shift and go to state 5
    grupo                          shift and go to state 6
    lheaders                       shift and go to state 7
    header                         shift and go to state 8

state 3

    (2) titulos -> atribuicao . titulos
    (2) titulos -> . atribuicao titulos
    (3) titulos -> .
    (12) atribuicao -> . VAR_NAME IGUAL termo

    ENTRY           reduce using rule 3 (titulos -> .)
    $end            reduce using rule 3 (titulos -> .)
    VAR_NAME        shift and go to state 4

    atribuicao                     shift and go to state 3
    titulos                        shift and go to state 10

state 4

    (12) atribuicao -> VAR_NAME . IGUAL termo

    IGUAL           shift and go to state 11


state 5

    (1) TOML -> titulos seccoes .

    $end            reduce using rule 1 (TOML -> titulos seccoes .)


state 6

    (4) seccoes -> grupo . seccoes
    (4) seccoes -> . grupo seccoes
    (5) seccoes -> .
    (6) grupo -> . lheaders body
    (7) lheaders -> . header lheaders
    (8) lheaders -> . header
    (9) header -> . ENTRY

    $end            reduce using rule 5 (seccoes -> .)
    ENTRY           shift and go to state 9

    grupo                          shift and go to state 6
    seccoes                        shift and go to state 12
    lheaders                       shift and go to state 7
    header                         shift and go to state 8

state 7

    (6) grupo -> lheaders . body
    (10) body -> . atribuicao body
    (11) body -> . atribuicao
    (12) atribuicao -> . VAR_NAME IGUAL termo

    VAR_NAME        shift and go to state 4

    body                           shift and go to state 13
    atribuicao                     shift and go to state 14

state 8

    (7) lheaders -> header . lheaders
    (8) lheaders -> header .
    (7) lheaders -> . header lheaders
    (8) lheaders -> . header
    (9) header -> . ENTRY

    VAR_NAME        reduce using rule 8 (lheaders -> header .)
    ENTRY           shift and go to state 9

    header                         shift and go to state 8
    lheaders                       shift and go to state 15

state 9

    (9) header -> ENTRY .

    ENTRY           reduce using rule 9 (header -> ENTRY .)
    VAR_NAME        reduce using rule 9 (header -> ENTRY .)


state 10

    (2) titulos -> atribuicao titulos .

    ENTRY           reduce using rule 2 (titulos -> atribuicao titulos .)
    $end            reduce using rule 2 (titulos -> atribuicao titulos .)


state 11

    (12) atribuicao -> VAR_NAME IGUAL . termo
    (13) termo -> . PALAVRA
    (14) termo -> . NUMERO
    (15) termo -> . BOOLEAN
    (16) termo -> . DATE
    (17) termo -> . TIME
    (18) termo -> . lista
    (19) lista -> . APR conteudo FPR

    PALAVRA         shift and go to state 17
    NUMERO          shift and go to state 18
    BOOLEAN         shift and go to state 19
    DATE            shift and go to state 20
    TIME            shift and go to state 21
    APR             shift and go to state 23

    termo                          shift and go to state 16
    lista                          shift and go to state 22

state 12

    (4) seccoes -> grupo seccoes .

    $end            reduce using rule 4 (seccoes -> grupo seccoes .)


state 13

    (6) grupo -> lheaders body .

    ENTRY           reduce using rule 6 (grupo -> lheaders body .)
    $end            reduce using rule 6 (grupo -> lheaders body .)


state 14

    (10) body -> atribuicao . body
    (11) body -> atribuicao .
    (10) body -> . atribuicao body
    (11) body -> . atribuicao
    (12) atribuicao -> . VAR_NAME IGUAL termo

    ENTRY           reduce using rule 11 (body -> atribuicao .)
    $end            reduce using rule 11 (body -> atribuicao .)
    VAR_NAME        shift and go to state 4

    atribuicao                     shift and go to state 14
    body                           shift and go to state 24

state 15

    (7) lheaders -> header lheaders .

    VAR_NAME        reduce using rule 7 (lheaders -> header lheaders .)


state 16

    (12) atribuicao -> VAR_NAME IGUAL termo .

    VAR_NAME        reduce using rule 12 (atribuicao -> VAR_NAME IGUAL termo .)
    ENTRY           reduce using rule 12 (atribuicao -> VAR_NAME IGUAL termo .)
    $end            reduce using rule 12 (atribuicao -> VAR_NAME IGUAL termo .)


state 17

    (13) termo -> PALAVRA .

    VAR_NAME        reduce using rule 13 (termo -> PALAVRA .)
    ENTRY           reduce using rule 13 (termo -> PALAVRA .)
    $end            reduce using rule 13 (termo -> PALAVRA .)
    VIRGULA         reduce using rule 13 (termo -> PALAVRA .)
    FPR             reduce using rule 13 (termo -> PALAVRA .)


state 18

    (14) termo -> NUMERO .

    VAR_NAME        reduce using rule 14 (termo -> NUMERO .)
    ENTRY           reduce using rule 14 (termo -> NUMERO .)
    $end            reduce using rule 14 (termo -> NUMERO .)
    VIRGULA         reduce using rule 14 (termo -> NUMERO .)
    FPR             reduce using rule 14 (termo -> NUMERO .)


state 19

    (15) termo -> BOOLEAN .

    VAR_NAME        reduce using rule 15 (termo -> BOOLEAN .)
    ENTRY           reduce using rule 15 (termo -> BOOLEAN .)
    $end            reduce using rule 15 (termo -> BOOLEAN .)
    VIRGULA         reduce using rule 15 (termo -> BOOLEAN .)
    FPR             reduce using rule 15 (termo -> BOOLEAN .)


state 20

    (16) termo -> DATE .

    VAR_NAME        reduce using rule 16 (termo -> DATE .)
    ENTRY           reduce using rule 16 (termo -> DATE .)
    $end            reduce using rule 16 (termo -> DATE .)
    VIRGULA         reduce using rule 16 (termo -> DATE .)
    FPR             reduce using rule 16 (termo -> DATE .)


state 21

    (17) termo -> TIME .

    VAR_NAME        reduce using rule 17 (termo -> TIME .)
    ENTRY           reduce using rule 17 (termo -> TIME .)
    $end            reduce using rule 17 (termo -> TIME .)
    VIRGULA         reduce using rule 17 (termo -> TIME .)
    FPR             reduce using rule 17 (termo -> TIME .)


state 22

    (18) termo -> lista .

    VAR_NAME        reduce using rule 18 (termo -> lista .)
    ENTRY           reduce using rule 18 (termo -> lista .)
    $end            reduce using rule 18 (termo -> lista .)
    VIRGULA         reduce using rule 18 (termo -> lista .)
    FPR             reduce using rule 18 (termo -> lista .)


state 23

    (19) lista -> APR . conteudo FPR
    (20) conteudo -> .
    (21) conteudo -> . termo auxconteudo
    (13) termo -> . PALAVRA
    (14) termo -> . NUMERO
    (15) termo -> . BOOLEAN
    (16) termo -> . DATE
    (17) termo -> . TIME
    (18) termo -> . lista
    (19) lista -> . APR conteudo FPR

    FPR             reduce using rule 20 (conteudo -> .)
    PALAVRA         shift and go to state 17
    NUMERO          shift and go to state 18
    BOOLEAN         shift and go to state 19
    DATE            shift and go to state 20
    TIME            shift and go to state 21
    APR             shift and go to state 23

    conteudo                       shift and go to state 25
    termo                          shift and go to state 26
    lista                          shift and go to state 22

state 24

    (10) body -> atribuicao body .

    ENTRY           reduce using rule 10 (body -> atribuicao body .)
    $end            reduce using rule 10 (body -> atribuicao body .)


state 25

    (19) lista -> APR conteudo . FPR

    FPR             shift and go to state 27


state 26

    (21) conteudo -> termo . auxconteudo
    (22) auxconteudo -> . VIRGULA conteudo
    (23) auxconteudo -> .

    VIRGULA         shift and go to state 29
    FPR             reduce using rule 23 (auxconteudo -> .)

    auxconteudo                    shift and go to state 28

state 27

    (19) lista -> APR conteudo FPR .

    VAR_NAME        reduce using rule 19 (lista -> APR conteudo FPR .)
    ENTRY           reduce using rule 19 (lista -> APR conteudo FPR .)
    $end            reduce using rule 19 (lista -> APR conteudo FPR .)
    VIRGULA         reduce using rule 19 (lista -> APR conteudo FPR .)
    FPR             reduce using rule 19 (lista -> APR conteudo FPR .)


state 28

    (21) conteudo -> termo auxconteudo .

    FPR             reduce using rule 21 (conteudo -> termo auxconteudo .)


state 29

    (22) auxconteudo -> VIRGULA . conteudo
    (20) conteudo -> .
    (21) conteudo -> . termo auxconteudo
    (13) termo -> . PALAVRA
    (14) termo -> . NUMERO
    (15) termo -> . BOOLEAN
    (16) termo -> . DATE
    (17) termo -> . TIME
    (18) termo -> . lista
    (19) lista -> . APR conteudo FPR

    FPR             reduce using rule 20 (conteudo -> .)
    PALAVRA         shift and go to state 17
    NUMERO          shift and go to state 18
    BOOLEAN         shift and go to state 19
    DATE            shift and go to state 20
    TIME            shift and go to state 21
    APR             shift and go to state 23

    conteudo                       shift and go to state 30
    termo                          shift and go to state 26
    lista                          shift and go to state 22

state 30

    (22) auxconteudo -> VIRGULA conteudo .

    FPR             reduce using rule 22 (auxconteudo -> VIRGULA conteudo .)

